2026-05-19 12:47:57,284 [      2]   INFO - #c.i.i.p.PluginManager - Using broken plugins file from IDE distribution
2026-05-19 12:47:57,284 [      2]   INFO - #c.i.i.AppStarter - ------------------------------------------------------ IDE STARTED ------------------------------------------------------
2026-05-19 12:47:57,415 [    133]   INFO - #c.i.i.p.PluginManager - Plugin PluginDescriptor(name=Groovy, id=org.intellij.groovy, descriptorPath=plugin.xml, path=~/.gradle/caches/9.5.1/transforms/05d0f03a507bcdc2d515a4d5ba1ce0cb/transformed/ideaIC-2022.3-aarch64/plugins/Groovy, version=223.7571.182, package=org.jetbrains.plugins.groovy, isBundled=true) misses optional descriptor duplicates-groovy.xml
2026-05-19 12:47:57,416 [    134]   INFO - #c.i.i.p.PluginManager - Plugin PluginDescriptor(name=Groovy, id=org.intellij.groovy, descriptorPath=plugin.xml, path=~/.gradle/caches/9.5.1/transforms/05d0f03a507bcdc2d515a4d5ba1ce0cb/transformed/ideaIC-2022.3-aarch64/plugins/Groovy, version=223.7571.182, package=org.jetbrains.plugins.groovy, isBundled=true) misses optional descriptor duplicates-detection-groovy.xml
2026-05-19 12:47:57,438 [    156]   INFO - #c.i.i.AppStarter - JNA library (64-bit) loaded in 148 ms
2026-05-19 12:47:57,444 [    162]   INFO - #c.i.i.AppStarter - IDE: IntelliJ IDEA (build #IC-223.7571.182, 29 Nov 2022 23:36)
2026-05-19 12:47:57,446 [    164]   INFO - #c.i.i.AppStarter - OS: Mac OS X (26.4.1, aarch64)
2026-05-19 12:47:57,446 [    164]   INFO - #c.i.i.AppStarter - JRE: 17.0.5+1-b653.14 (JetBrains s.r.o.)
2026-05-19 12:47:57,447 [    165]   INFO - #c.i.i.AppStarter - JVM: 17.0.5+1-b653.14 (OpenJDK 64-Bit Server VM)
2026-05-19 12:47:57,452 [    170]   INFO - #c.i.i.AppStarter - PID: 23989
2026-05-19 12:47:57,453 [    171]   INFO - #c.i.i.AppStarter - JVM options: [-Dide.native.launcher=false, -Didea.config.path=/Users/andy/Documents/develope/plugins/flutter_hi_json/build/idea-sandbox/IC-2022.3/config, -Didea.l10n.keys=only, -Didea.log.path=/Users/andy/Documents/develope/plugins/flutter_hi_json/build/idea-sandbox/IC-2022.3/log, -Didea.paths.selector=IdeaIC2022.3, -Didea.platform.prefix=Idea, -Didea.plugins.path=/Users/andy/Documents/develope/plugins/flutter_hi_json/build/idea-sandbox/IC-2022.3/plugins, -Didea.required.plugins.id=com.hijson.flutter.plugin, -Didea.system.path=/Users/andy/Documents/develope/plugins/flutter_hi_json/build/idea-sandbox/IC-2022.3/system, -Didea.vendor.name=JetBrains, -Djava.system.class.loader=com.intellij.util.lang.PathClassLoader, -Djbr.catch.SIGABRT=true, -Djdk.attach.allowAttachSelf=true, -Djdk.http.auth.tunneling.disabledSchemes="", -Djdk.module.illegalAccess.silent=true, -Djna.boot.library.path=/Users/andy/.gradle/caches/9.5.1/transforms/05d0f03a507bcdc2d515a4d5ba1ce0cb/transformed/ideaIC-2022.3-aarch64/lib/jna/aarch64, -Djna.nosys=true, -Djna.nounpack=true, -Dplugin.path=/Users/andy/Documents/develope/plugins/flutter_hi_json/build/idea-sandbox/IC-2022.3/plugins/flutter-hi-json-plugin, -Dpty4j.preferred.native.folder=/Users/andy/.gradle/caches/9.5.1/transforms/05d0f03a507bcdc2d515a4d5ba1ce0cb/transformed/ideaIC-2022.3-aarch64/lib/pty4j, -Dsplash=true, -Dsun.io.useCanonCaches=false, -Dsun.java2d.metal=true, -XX:ReservedCodeCacheSize=512m, -XX:+UseG1GC, -XX:SoftRefLRUPolicyMSPerMB=50, -XX:CICompilerCount=2, -XX:+HeapDumpOnOutOfMemoryError, -XX:-OmitStackTraceInFastThrow, -XX:+IgnoreUnrecognizedVMOptions, -XX:CompileCommand=exclude,com/intellij/openapi/vfs/impl/FilePartNodeRoot,trieDescend, -XX:ErrorFile=$USER_HOME/java_error_in_idea_%p.log, -XX:HeapDumpPath=$USER_HOME/java_error_in_idea.hprof, -javaagent:/Users/andy/Documents/develope/plugins/flutter_hi_json/.intellijPlatform/coroutines-javaagent-legacy.jar, --add-opens=java.base/java.io=ALL-UNNAMED, --add-opens=java.base/java.lang=ALL-UNNAMED, --add-opens=java.base/java.lang.ref=ALL-UNNAMED, --add-opens=java.base/java.lang.reflect=ALL-UNNAMED, --add-opens=java.base/java.net=ALL-UNNAMED, --add-opens=java.base/java.nio=ALL-UNNAMED, --add-opens=java.base/java.nio.charset=ALL-UNNAMED, --add-opens=java.base/java.text=ALL-UNNAMED, --add-opens=java.base/java.time=ALL-UNNAMED, --add-opens=java.base/java.util=ALL-UNNAMED, --add-opens=java.base/java.util.concurrent=ALL-UNNAMED, --add-opens=java.base/java.util.concurrent.atomic=ALL-UNNAMED, --add-opens=java.base/jdk.internal.vm=ALL-UNNAMED, --add-opens=java.base/sun.nio.ch=ALL-UNNAMED, --add-opens=java.base/sun.nio.fs=ALL-UNNAMED, --add-opens=java.base/sun.security.ssl=ALL-UNNAMED, --add-opens=java.base/sun.security.util=ALL-UNNAMED, --add-opens=java.desktop/com.apple.eawt=ALL-UNNAMED, --add-opens=java.desktop/com.apple.eawt.event=ALL-UNNAMED, --add-opens=java.desktop/com.apple.laf=ALL-UNNAMED, --add-opens=java.desktop/java.awt=ALL-UNNAMED, --add-opens=java.desktop/java.awt.dnd.peer=ALL-UNNAMED, --add-opens=java.desktop/java.awt.event=ALL-UNNAMED, --add-opens=java.desktop/java.awt.image=ALL-UNNAMED, --add-opens=java.desktop/java.awt.peer=ALL-UNNAMED, --add-opens=java.desktop/java.awt.font=ALL-UNNAMED, --add-opens=java.desktop/javax.swing=ALL-UNNAMED, --add-opens=java.desktop/javax.swing.plaf.basic=ALL-UNNAMED, --add-opens=java.desktop/javax.swing.text.html=ALL-UNNAMED, --add-opens=java.desktop/sun.awt.datatransfer=ALL-UNNAMED, --add-opens=java.desktop/sun.awt.image=ALL-UNNAMED, --add-opens=java.desktop/sun.awt=ALL-UNNAMED, --add-opens=java.desktop/sun.font=ALL-UNNAMED, --add-opens=java.desktop/sun.java2d=ALL-UNNAMED, --add-opens=java.desktop/sun.lwawt=ALL-UNNAMED, --add-opens=java.desktop/sun.lwawt.macosx=ALL-UNNAMED, --add-opens=java.desktop/sun.swing=ALL-UNNAMED, --add-opens=jdk.attach/sun.tools.attach=ALL-UNNAMED, --add-opens=jdk.compiler/com.sun.tools.javac.api=ALL-UNNAMED, --add-opens=jdk.internal.jvmstat/sun.jvmstat.monitor=ALL-UNNAMED, --add-opens=jdk.jdi/com.sun.tools.jdi=ALL-UNNAMED, -Xms128m, -Xmx750m, -Dfile.encoding=UTF-8, -Duser.country=CN, -Duser.language=zh, -Duser.variant, -ea]
2026-05-19 12:47:57,453 [    171]   INFO - #c.i.i.AppStarter - args: traverseUI /Users/andy/Documents/develope/plugins/flutter_hi_json/build/tmp/buildSearchableOptions true
2026-05-19 12:47:57,454 [    172]   INFO - #c.i.i.AppStarter - library path: /Users/andy/Library/Java/Extensions:/Library/Java/Extensions:/Network/Library/Java/Extensions:/System/Library/Java/Extensions:/usr/lib/java:.
2026-05-19 12:47:57,454 [    172]   INFO - #c.i.i.AppStarter - boot library path: /Users/andy/.gradle/caches/9.5.1/transforms/05d0f03a507bcdc2d515a4d5ba1ce0cb/transformed/ideaIC-2022.3-aarch64/jbr/Contents/Home/lib
2026-05-19 12:47:57,456 [    174]   INFO - #c.i.i.p.PluginManager - Plugin PluginDescriptor(name=Kotlin, id=org.jetbrains.kotlin, descriptorPath=plugin.xml, path=~/.gradle/caches/9.5.1/transforms/05d0f03a507bcdc2d515a4d5ba1ce0cb/transformed/ideaIC-2022.3-aarch64/plugins/Kotlin, version=223-1.7.20-release-201-IJ7571.182, package=org.jetbrains.kotlin, isBundled=true) misses optional descriptor performance-plugin.xml
2026-05-19 12:47:57,463 [    181]   INFO - #c.i.i.AppStarter - locale=zh_CN_#Hans JNU=UTF-8 file.encoding=UTF-8
  idea.config.path=/Users/andy/Documents/develope/plugins/flutter_hi_json/build/idea-sandbox/IC-2022.3/config
  idea.system.path=/Users/andy/Documents/develope/plugins/flutter_hi_json/build/idea-sandbox/IC-2022.3/system
  idea.plugins.path=/Users/andy/Documents/develope/plugins/flutter_hi_json/build/idea-sandbox/IC-2022.3/plugins
  idea.log.path=/Users/andy/Documents/develope/plugins/flutter_hi_json/build/idea-sandbox/IC-2022.3/log
2026-05-19 12:47:57,465 [    183]   INFO - #c.i.i.AppStarter - CPU cores: 10; ForkJoinPool.commonPool: java.util.concurrent.ForkJoinPool@1c207ff5[Running, parallelism = 10, size = 0, active = 0, running = 0, steals = 0, tasks = 0, submissions = 0]; factory: com.intellij.concurrency.IdeaForkJoinWorkerThreadFactory@13aa9f6a
2026-05-19 12:47:57,502 [    220]   INFO - #c.i.i.p.PluginManager - PluginDescriptor(name=Flutter Hi Json, id=com.hijson.flutter.plugin, descriptorPath=plugin.xml, path=~/Documents/develope/plugins/flutter_hi_json/build/idea-sandbox/IC-2022.3/plugins/flutter-hi-json-plugin, version=1.0.0, package=null, isBundled=false) overrides PluginDescriptor(name=Flutter Hi Json, id=com.hijson.flutter.plugin, descriptorPath=plugin.xml, path=~/Documents/develope/plugins/flutter_hi_json/build/idea-sandbox/IC-2022.3/plugins/flutter-hi-json-plugin, version=1.0.0, package=null, isBundled=false)
2026-05-19 12:47:57,521 [    239]   INFO - #c.i.i.p.PluginManager - Module intellij.sh.python is not enabled because dependency com.intellij.modules.python is not available
Module intellij.space.gateway is not enabled because dependency com.jetbrains.gateway is not available
Module intellij.space.php is not enabled because dependency com.jetbrains.php is not available
Module intellij.space.index is not enabled because dependency intellij.indexing.shared is not available
2026-05-19 12:47:57,703 [    421]   INFO - #c.i.i.p.ExpiredPluginsState - Plugins to skip: []
2026-05-19 12:47:57,746 [    464]   INFO - #c.i.a.o.PathMacrosImpl - Loaded path macros: {MAVEN_REPOSITORY=/Users/andy/.m2/repository}
2026-05-19 12:47:57,757 [    475]   INFO - #c.i.o.v.n.p.PersistentFSConnector - VFS uses strict names enumerator
2026-05-19 12:47:57,767 [    485]   INFO - #o.j.i.BuiltInServerManager - built-in server started, port 63343
2026-05-19 12:47:57,773 [    491]   INFO - #c.i.o.v.n.p.PersistentFSConnector - VFS uses regular attributes storage
2026-05-19 12:47:57,784 [    502]   INFO - #c.i.o.v.n.p.FSRecords - using REGULAR storage for VFS records
2026-05-19 12:47:57,785 [    503]   INFO - #com.android.tools.idea.serverflags.ServerFlagInitializer - Enabled server flags: 
2026-05-19 12:47:57,797 [    515]   INFO - #c.i.o.v.n.p.PersistentFSConnector - 6 ms to load free records and inverted name index
2026-05-19 12:47:58,016 [    734]   INFO - #c.i.u.n.s.CertificateManager - Default SSL context initialized
2026-05-19 12:47:58,330 [   1048]   WARN - #c.i.o.e.c.i.EditorColorsManagerImpl - resource not found: colorSchemes/LogcatColorSchemeDefault.xml
2026-05-19 12:47:58,332 [   1050]   WARN - #c.i.o.e.c.i.EditorColorsManagerImpl - resource not found: colorSchemes/LogcatColorSchemeDarcula.xml
2026-05-19 12:47:58,337 [   1055]   INFO - #c.i.i.p.PluginManager - Loaded bundled plugins: Gradle Dependency Updater Implementation (223.7571.182), Maven server api classes (223.7571.182), Maven (223.7571.182), Grazie (223.7571.182), Task Management (223.7571.182), Android (2022.1.1 Beta 2.223.7571.182), JetBrains maven model api classes (223.7571.182), Git (223.7571.182), IDEA CORE (223.7571.182), Terminal (223.7571.182), Space (223.7571.182), Subversion (223.7571.182), Package Search (223.7571.182), Toml (223.7571.182), IDE Features Trainer (223.7571.182), Configuration Script (223.7571.182), macOS Light Theme (223.7571.182), Plugin DevKit (223.7571.182), Markdown (223.7571.182), Machine Learning in Search Everywhere (223.7571.182), JavaFX (223.7571.182), Ant (223.7571.182), EditorConfig (223.7571.182), TextMate Bundles (223.7571.182), TestNG (223.7571.182), Code With Me (223.7571.182), Eclipse Interoperability (223.7571.182), Java Stream Debugger (223.7571.182), Copyright (223.7571.182), Gradle-Maven (223.7571.182), com.intellij.dev (223.7571.182), Smali Support (223.7571.182), Perforce Helix Core (223.7571.182), XSLT Debugger (223.7571.182), Gradle-Java (223.7571.182), Java (223.7571.182), UI Designer (223.7571.182), Projector Libraries for Code With Me and Remote Development (223.7571.182), Java Bytecode Decompiler (223.7571.182), com.intellij.tracing.ide (223.7571.182), Android Design Tools (223.7571.182), IntelliLang (223.7571.182), Bytecode Viewer (223.7571.182), WebP Support (223.7571.182), GitHub (223.7571.182), NetBeans Keymap (223.7571.182), Lombok (223.7571.182), Images (223.7571.182), Shell Script (223.7571.182), Java Internationalization (223.7571.182), Settings Sync (223.7571.182), Properties (223.7571.182), Gradle (223.7571.182), JUnit (223.7571.182), YAML (223.7571.182), Eclipse Keymap (223.7571.182), XPathView + XSLT (223.7571.182), Kotlin (223-1.7.20-release-201-IJ7571.182), Groovy (223.7571.182), Mercurial (223.7571.182), Shared Indexes (223.7571.182), Qodana (223.7571.182), Code Coverage for Java (223.7571.182), JetBrains Marketplace Licensing Support (223.7571.182), Gradle DSL API (223.7571.182), Visual Studio Keymap (223.7571.182), Java IDE Customization (223.7571.182), Machine Learning Code Completion (223.7571.182), JetBrains Repository Search (223.7571.182)
2026-05-19 12:47:58,338 [   1056]   INFO - #c.i.i.p.PluginManager - Loaded custom plugins: Flutter Hi Json (1.0.0)
2026-05-19 12:47:58,431 [   1149]   INFO - #c.i.o.a.Experiments - Experimental features enabled for user: wsl.p9.support, wsl.prefer.p9.support, wsl.p9.show.roots.in.file.chooser, wsl.execute.with.wsl.exe, linux.native.menu, recent.and.edited.files.together, show.create.new.element.in.popup, search.everywhere.mixed.results, new.project.wizard, editor.reader.mode, new.large.text.file.viewer, terminal.shell.command.handling
2026-05-19 12:47:58,444 [   1162]   INFO - #c.i.i.s.p.i.SharedIndexMainZipStorage - Shared Indexes Storage is opened and empty
2026-05-19 12:47:58,843 [   1561]   INFO - #c.i.u.i.FileBasedIndexImpl - Indices to be built:RelaxSymbolIndex(v = 0),XmlTagNames(v = 1),org.jetbrains.kotlin.idea.vfilefinder.KotlinStdlibIndex(v = 1),javafx.custom.component(v = 2),org.jetbrains.kotlin.idea.vfilefinder.KotlinMetadataFilePackageIndex(v = 1),org.jetbrains.kotlin.idea.vfilefinder.KotlinPackageSourcesMemberNamesIndex(v = 2),editorconfig.index.name(v = 5),DomFileIndex(v = 0),PluginIdModuleIndex(v = 2),BindingXmlIndex(v = 10),com.intellij.uiDesigner.FormClassIndex(v = 0),JavaFxControllerClassIndex(v = 1),SchemaTypeInheritance(v = 2),IdeaPluginRegistrationIndex(v = 8),org.jetbrains.kotlin.idea.vfilefinder.KotlinModuleMappingIndex(v = 5),FrameworkDetectionIndex(v = 65536),html5.custom.attributes.index(v = 1),NavXmlIndex(v = 10),java.null.method.argument(v = 4097),ant-imports(v = 5),XsltSymbolIndex(v = 0),org.jetbrains.kotlin.idea.vfilefinder.KotlinMetadataFileIndex(v = 1),filetypes(v = 4096),java.source.module.name(v = 4),devkit.ExtensionPointClassIndex(v = 1),org.jetbrains.kotlin.idea.vfilefinder.KotlinJavaScriptMetaFileIndex(v = 4),FilenameIndex(v = 258),javafx.id.name(v = 3),org.jetbrains.kotlin.idea.vfilefinder.KotlinJvmModuleAnnotationsIndex(v = 1),Trigram.Index(v = 4099),org.jetbrains.kotlin.idea.vfilefinder.KotlinClassFileIndex(v = 3),org.jetbrains.kotlin.idea.versions.KotlinJvmMetadataVersionIndex(v = 5),org.jetbrains.kotlin.idea.vfilefinder.KotlinPartialPackageNamesIndex(v = 4),java.auto.module.name(v = 6),bytecodeAnalysis(v = 4107),org.jetbrains.kotlin.idea.versions.KotlinJsMetadataVersionIndex(v = 3),json.file.root.values(v = 5),java.fun.expression(v = 4102),devkit.ExtensionPointIndex(v = 0),LombokConfigIndex(v = 11),org.jetbrains.kotlin.idea.vfilefinder.KotlinBuiltInsMetadataIndex(v = 1),java.binary.plus.expression(v = 4100),org.jetbrains.kotlin.idea.vfilefinder.KlibMetaFileIndex(v = 4),xmlProperties(v = 2),XmlNamespaces(v = 8),Stubs(v = 46),com.android.tools.idea.model.AndroidManifestIndex$Companion$NAME$1.NAME(v = 10),yaml.keys.name(v = 1),fileIncludes(v = 6),TodoIndex(v = 4109),IdIndex(v = 4118),PluginIdDependenciesIndex(v = 5)
2026-05-19 12:47:58,846 [   1564]   INFO - c.i.u.i.FileBasedIndexDataInitialization - Index data initialization done: 536 ms. Initialized indexes: [FilenameIndex, filetypes, DomFileIndex, XmlNamespaces, RelaxSymbolIndex, XmlTagNames, fileIncludes, TodoIndex, Trigram.Index, FrameworkDetectionIndex, SchemaTypeInheritance, html5.custom.attributes.index, IdIndex, json.file.root.values, editorconfig.index.name, java.auto.module.name, yaml.keys.name, xmlProperties, XsltSymbolIndex, java.source.module.name, IdeaPluginRegistrationIndex, java.null.method.argument, bytecodeAnalysis, java.binary.plus.expression, PluginIdModuleIndex, PluginIdDependenciesIndex, java.fun.expression, devkit.ExtensionPointClassIndex, devkit.ExtensionPointIndex, LombokConfigIndex, ant-imports, javafx.id.name, javafx.custom.component, JavaFxControllerClassIndex, org.jetbrains.kotlin.idea.versions.KotlinJsMetadataVersionIndex, org.jetbrains.kotlin.idea.versions.KotlinJvmMetadataVersionIndex, org.jetbrains.kotlin.idea.vfilefinder.KotlinModuleMappingIndex, org.jetbrains.kotlin.idea.vfilefinder.KotlinMetadataFilePackageIndex, org.jetbrains.kotlin.idea.vfilefinder.KotlinPackageSourcesMemberNamesIndex, org.jetbrains.kotlin.idea.vfilefinder.KotlinClassFileIndex, Stubs, org.jetbrains.kotlin.idea.vfilefinder.KotlinMetadataFileIndex, org.jetbrains.kotlin.idea.vfilefinder.KotlinPartialPackageNamesIndex, org.jetbrains.kotlin.idea.vfilefinder.KotlinJavaScriptMetaFileIndex, org.jetbrains.kotlin.idea.vfilefinder.KotlinJvmModuleAnnotationsIndex, org.jetbrains.kotlin.idea.vfilefinder.KotlinBuiltInsMetadataIndex, BindingXmlIndex, NavXmlIndex, com.intellij.uiDesigner.FormClassIndex, org.jetbrains.kotlin.idea.vfilefinder.KlibMetaFileIndex, org.jetbrains.kotlin.idea.vfilefinder.KotlinStdlibIndex, com.android.tools.idea.model.AndroidManifestIndex$Companion$NAME$1.NAME].
2026-05-19 12:47:59,199 [   1917]   INFO - #c.i.p.s.StubIndexImpl - Following stub indices will be built:org.jetbrains.kotlin.idea.stubindex.KotlinAnnotationsIndex(v = 3),org.jetbrains.kotlin.idea.stubindex.KotlinScriptFqnIndex(v = 2),org.jetbrains.kotlin.idea.stubindex.KotlinTopLevelFunctionFqnNameIndex(v = 2),org.jetbrains.kotlin.idea.stubindex.KotlinTopLevelExtensionsByReceiverTypeIndex(v = 3),org.jetbrains.kotlin.idea.stubindex.KotlinProbablyContractedFunctionShortNameIndex(v = 2),org.jetbrains.kotlin.idea.stubindex.KotlinOverridableInternalMembersShortNameIndex(v = 2),dom.elementClass(v = 0),java.anonymous.baseref(v = 2),markdown.header(v = 2),org.jetbrains.kotlin.idea.stubindex.KotlinFileFacadeClassByPackageIndex(v = 2),org.jetbrains.kotlin.idea.stubindex.KotlinProbablyNothingPropertyShortNameIndex(v = 2),org.jetbrains.kotlin.idea.stubindex.KotlinTopLevelTypeAliasByPackageIndex(v = 2),org.jetbrains.kotlin.idea.stubindex.KotlinTopLevelFunctionByPackageIndex(v = 2),org.jetbrains.kotlin.idea.stubindex.KotlinTypeAliasShortNameIndex(v = 2),markdown.header.anchor(v = 2),jvm.static.member.type(v = 2),org.jetbrains.kotlin.idea.stubindex.KotlinFunctionShortNameIndex(v = 2),gr.field.name(v = 5),org.jetbrains.kotlin.idea.stubindex.KotlinTopLevelPropertyFqnNameIndex(v = 2),org.jetbrains.kotlin.idea.stubindex.KotlinMultifileClassPartIndex(v = 2),java.module.name(v = 4),org.jetbrains.kotlin.idea.stubindex.KotlinJvmNameAnnotationIndex(v = 2),java.method.name(v = 2),org.jetbrains.kotlin.idea.stubindex.KotlinInnerTypeAliasClassIdIndex(v = 2),jvm.static.member.name(v = 2),org.jetbrains.kotlin.idea.stubindex.KotlinExactPackagesIndex(v = 2),org.jetbrains.kotlin.idea.stubindex.KotlinTopLevelTypeAliasFqNameIndex(v = 2),org.jetbrains.kotlin.idea.stubindex.KotlinFileFacadeFqNameIndex(v = 2),org.jetbrains.kotlin.idea.stubindex.KotlinTopLevelPropertyByPackageIndex(v = 2),kotlin.primeIndexKey(v = 2),org.jetbrains.kotlin.idea.stubindex.KotlinTopLevelClassByPackageIndex(v = 2),org.jetbrains.kotlin.idea.stubindex.KotlinClassShortNameIndex(v = 2),org.jetbrains.kotlin.idea.stubindex.KotlinProbablyNothingFunctionShortNameIndex(v = 2),java.class.fqn(v = 1),gr.class.fqn(v = 4),org.jetbrains.kotlin.idea.stubindex.KotlinFilePartClassIndex(v = 2),java.class.shortname(v = 4),gr.script.class(v = 5),gr.class.super(v = 5),java.field.name(v = 2),org.jetbrains.kotlin.idea.stubindex.KotlinTypeAliasByExpansionShortNameIndex(v = 2),dom.namespaceKey(v = 1),org.jetbrains.kotlin.idea.stubindex.KotlinFullClassNameIndex(v = 2),java.annotations(v = 2),gr.annot.members(v = 5),gr.anonymous.class(v = 6),java.class.extlist(v = 3),org.jetbrains.kotlin.idea.stubindex.KotlinPropertyShortNameIndex(v = 2),gr.method.name(v = 5),properties.index(v = 2),org.jetbrains.kotlin.idea.stubindex.KotlinSubclassObjectNameIndex(v = 2),org.jetbrains.kotlin.idea.stubindex.KotlinSuperClassIndex(v = 2),gr.annot.method.name(v = 5),org.jetbrains.kotlin.idea.stubindex.KotlinFileFacadeShortNameIndex(v = 2),java.method.parameter.types(v = 3),org.jetbrains.kotlin.idea.stubindex.KotlinExtensionsInObjectsByReceiverTypeIndex(v = 2),gr.script.fqn(v = 5)
2026-05-19 12:47:59,200 [   1918]   INFO - c.i.p.s.StubIndexImpl$StubIndexInitialization - Index data initialization done: 353 ms. Initialized stub indexes: {java.annotations, org.jetbrains.kotlin.idea.stubindex.KotlinProbablyNothingPropertyShortNameIndex, properties.index, markdown.header.anchor, java.field.name, gr.field.name, org.jetbrains.kotlin.idea.stubindex.KotlinClassShortNameIndex, java.module.name, java.anonymous.baseref, gr.annot.members, gr.annot.method.name, java.method.parameter.types, org.jetbrains.kotlin.idea.stubindex.KotlinFileFacadeShortNameIndex, gr.script.fqn, java.class.fqn, java.method.name, gr.class.super, dom.namespaceKey, org.jetbrains.kotlin.idea.stubindex.KotlinTopLevelTypeAliasByPackageIndex, org.jetbrains.kotlin.idea.stubindex.KotlinFullClassNameIndex, org.jetbrains.kotlin.idea.stubindex.KotlinTopLevelExtensionsByReceiverTypeIndex, org.jetbrains.kotlin.idea.stubindex.KotlinProbablyContractedFunctionShortNameIndex, dom.elementClass, org.jetbrains.kotlin.idea.stubindex.KotlinFileFacadeClassByPackageIndex, java.class.shortname, org.jetbrains.kotlin.idea.stubindex.KotlinSuperClassIndex, jvm.static.member.type, org.jetbrains.kotlin.idea.stubindex.KotlinFilePartClassIndex, org.jetbrains.kotlin.idea.stubindex.KotlinExtensionsInObjectsByReceiverTypeIndex, java.class.extlist, org.jetbrains.kotlin.idea.stubindex.KotlinTopLevelFunctionByPackageIndex, org.jetbrains.kotlin.idea.stubindex.KotlinPropertyShortNameIndex, org.jetbrains.kotlin.idea.stubindex.KotlinJvmNameAnnotationIndex, jvm.static.member.name, org.jetbrains.kotlin.idea.stubindex.KotlinTypeAliasByExpansionShortNameIndex, org.jetbrains.kotlin.idea.stubindex.KotlinTopLevelClassByPackageIndex, markdown.header, org.jetbrains.kotlin.idea.stubindex.KotlinAnnotationsIndex, org.jetbrains.kotlin.idea.stubindex.KotlinTopLevelFunctionFqnNameIndex, org.jetbrains.kotlin.idea.stubindex.KotlinInnerTypeAliasClassIdIndex, org.jetbrains.kotlin.idea.stubindex.KotlinMultifileClassPartIndex, org.jetbrains.kotlin.idea.stubindex.KotlinTypeAliasShortNameIndex, org.jetbrains.kotlin.idea.stubindex.KotlinTopLevelTypeAliasFqNameIndex, org.jetbrains.kotlin.idea.stubindex.KotlinFunctionShortNameIndex, org.jetbrains.kotlin.idea.stubindex.KotlinTopLevelPropertyFqnNameIndex, gr.script.class, gr.class.fqn, org.jetbrains.kotlin.idea.stubindex.KotlinFileFacadeFqNameIndex, org.jetbrains.kotlin.idea.stubindex.KotlinProbablyNothingFunctionShortNameIndex, kotlin.primeIndexKey, gr.method.name, org.jetbrains.kotlin.idea.stubindex.KotlinTopLevelPropertyByPackageIndex, org.jetbrains.kotlin.idea.stubindex.KotlinSubclassObjectNameIndex, org.jetbrains.kotlin.idea.stubindex.KotlinScriptFqnIndex, org.jetbrains.kotlin.idea.stubindex.KotlinOverridableInternalMembersShortNameIndex, gr.anonymous.class, org.jetbrains.kotlin.idea.stubindex.KotlinExactPackagesIndex}.
2026-05-19 12:47:59,324 [   2042]   INFO - #c.i.o.v.i.l.NativeFileWatcherImpl - Native file watcher is disabled
2026-05-19 12:48:00,888 [   3606]   INFO - #c.i.o.a.i.NonBlockingReadActionImpl - OTel monitoring for NonBlockingReadAction is enabled
2026-05-19 12:48:02,604 [   5322]   INFO - #c.i.r.OsRegistryConfigProvider - Looking for 'lobbyServerUrl' value in [/Library/Application Support/JetBrains/CodeWithMe/lobbyServerUrl, /Library/Application Support/JetBrains/CodeWithMe/config.json, /Users/andy/Library/Application Support/JetBrains/CodeWithMe/lobbyServerUrl, /Users/andy/Library/Application Support/JetBrains/CodeWithMe/config.json]
2026-05-19 12:48:02,605 [   5323]   INFO - #c.i.r.OsRegistryConfigProvider - OS provided value for 'lobbyServerUrl' is not found
2026-05-19 12:48:02,608 [   5326]   INFO - #c.j.r.p.c.u.CodeWithMeSystemSettings - Got regional URL for CN: https://code-with-me.jetbrains.com.cn
2026-05-19 12:48:02,608 [   5326]   INFO - #c.j.r.p.c.u.CodeWithMeSystemSettings - Regional LobbyUrl value='https://code-with-me.jetbrains.com.cn'
2026-05-19 12:48:02,617 [   5335]   INFO - #c.i.r.OsRegistryConfigProvider - Looking for 'lobbyServerUrl' value in [/Library/Application Support/JetBrains/CodeWithMe/lobbyServerUrl, /Library/Application Support/JetBrains/CodeWithMe/config.json, /Users/andy/Library/Application Support/JetBrains/CodeWithMe/lobbyServerUrl, /Users/andy/Library/Application Support/JetBrains/CodeWithMe/config.json]
2026-05-19 12:48:02,618 [   5336]   INFO - #c.i.r.OsRegistryConfigProvider - OS provided value for 'lobbyServerUrl' is not found
2026-05-19 12:48:02,618 [   5336]   INFO - #c.j.r.p.c.u.CodeWithMeSystemSettings - Got regional URL for CN: https://code-with-me.jetbrains.com.cn
2026-05-19 12:48:02,618 [   5336]   INFO - #c.j.r.p.c.u.CodeWithMeSystemSettings - Regional LobbyUrl value='https://code-with-me.jetbrains.com.cn'
2026-05-19 12:48:03,304 [   6022]   INFO - STDERR - java.lang.Error: no ComponentUI class for: com.intellij.util.ui.tree.PerFileConfigurableBase$PerFileConfigurableComboBoxAction$1[,0,0,0x0,invalid,alignmentX=0.0,alignmentY=0.0,border=,flags=0,maximumSize=,minimumSize=,preferredSize=,defaultIcon=,disabledIcon=,disabledSelectedIcon=,margin=null,paintBorder=true,paintFocus=true,pressedIcon=,rolloverEnabled=false,rolloverIcon=,rolloverSelectedIcon=,selectedIcon=,text=,defaultCapable=true]
2026-05-19 12:48:03,305 [   6023]   INFO - STDERR - 	at java.desktop/javax.swing.UIDefaults.getUIError(UIDefaults.java:763)
2026-05-19 12:48:03,305 [   6023]   INFO - STDERR - 	at java.desktop/javax.swing.MultiUIDefaults.getUIError(MultiUIDefaults.java:144)
2026-05-19 12:48:03,305 [   6023]   INFO - STDERR - 	at java.desktop/javax.swing.UIDefaults.getUI(UIDefaults.java:793)
2026-05-19 12:48:03,305 [   6023]   INFO - STDERR - 	at java.desktop/javax.swing.UIManager.getUI(UIManager.java:1078)
2026-05-19 12:48:03,305 [   6023]   INFO - STDERR - 	at java.desktop/javax.swing.JButton.updateUI(JButton.java:144)
2026-05-19 12:48:03,305 [   6023]   INFO - STDERR - 	at com.intellij.openapi.actionSystem.ex.ComboBoxAction$ComboBoxButton.updateUI(ComboBoxAction.java:372)
2026-05-19 12:48:03,305 [   6023]   INFO - STDERR - 	at java.desktop/javax.swing.AbstractButton.init(AbstractButton.java:2141)
2026-05-19 12:48:03,305 [   6023]   INFO - STDERR - 	at java.desktop/javax.swing.JButton.<init>(JButton.java:134)
2026-05-19 12:48:03,306 [   6024]   INFO - STDERR - 	at java.desktop/javax.swing.JButton.<init>(JButton.java:88)
2026-05-19 12:48:03,306 [   6024]   INFO - STDERR - 	at com.intellij.openapi.actionSystem.ex.ComboBoxAction$ComboBoxButton.<init>(ComboBoxAction.java:152)
2026-05-19 12:48:03,306 [   6024]   INFO - STDERR - 	at com.intellij.util.ui.tree.PerFileConfigurableBase$PerFileConfigurableComboBoxAction$1.<init>(PerFileConfigurableBase.java:882)
2026-05-19 12:48:03,306 [   6024]   INFO - STDERR - 	at com.intellij.util.ui.tree.PerFileConfigurableBase$PerFileConfigurableComboBoxAction.createComboBoxButton(PerFileConfigurableBase.java:882)
2026-05-19 12:48:03,306 [   6024]   INFO - STDERR - 	at com.intellij.openapi.actionSystem.ex.ComboBoxAction.createCustomComponent(ComboBoxAction.java:86)
2026-05-19 12:48:03,306 [   6024]   INFO - STDERR - 	at com.intellij.util.ui.tree.PerFileConfigurableBase.createActionPanel(PerFileConfigurableBase.java:614)
2026-05-19 12:48:03,306 [   6024]   INFO - STDERR - 	at com.intellij.util.ui.tree.PerFileConfigurableBase.createActionPanel(PerFileConfigurableBase.java:606)
2026-05-19 12:48:03,306 [   6024]   INFO - STDERR - 	at com.intellij.util.ui.tree.PerFileConfigurableBase.createActionPanel(PerFileConfigurableBase.java:600)
2026-05-19 12:48:03,306 [   6024]   INFO - STDERR - 	at com.intellij.util.ui.tree.PerFileConfigurableBase.createDefaultMappingComponent(PerFileConfigurableBase.java:222)
2026-05-19 12:48:03,306 [   6024]   INFO - STDERR - 	at com.intellij.util.ui.tree.PerFileConfigurableBase.createComponent(PerFileConfigurableBase.java:181)
2026-05-19 12:48:03,306 [   6024]   INFO - STDERR - 	at com.intellij.openapi.vfs.encoding.FileEncodingConfigurable.createComponent(FileEncodingConfigurable.java:159)
2026-05-19 12:48:03,307 [   6025]   INFO - STDERR - 	at com.intellij.openapi.options.ex.ConfigurableWrapper.createComponent(ConfigurableWrapper.java:169)
2026-05-19 12:48:03,307 [   6025]   INFO - STDERR - 	at com.intellij.ide.ui.search.SearchUtil.processConfigurables(SearchUtil.java:75)
2026-05-19 12:48:03,307 [   6025]   INFO - STDERR - 	at com.intellij.ide.ui.search.TraverseUIStarter.lambda$startup$0(TraverseUIStarter.java:120)
2026-05-19 12:48:03,307 [   6025]   INFO - STDERR - 	at java.desktop/java.awt.event.InvocationEvent.dispatch(InvocationEvent.java:308)
2026-05-19 12:48:03,307 [   6025]   INFO - STDERR - 	at java.desktop/java.awt.EventQueue.dispatchEventImpl(EventQueue.java:779)
2026-05-19 12:48:03,307 [   6025]   INFO - STDERR - 	at java.desktop/java.awt.EventQueue$4.run(EventQueue.java:730)
2026-05-19 12:48:03,307 [   6025]   INFO - STDERR - 	at java.desktop/java.awt.EventQueue$4.run(EventQueue.java:724)
2026-05-19 12:48:03,307 [   6025]   INFO - STDERR - 	at java.base/java.security.AccessController.doPrivileged(AccessController.java:399)
2026-05-19 12:48:03,307 [   6025]   INFO - STDERR - 	at java.base/java.security.ProtectionDomain$JavaSecurityAccessImpl.doIntersectionPrivilege(ProtectionDomain.java:86)
2026-05-19 12:48:03,307 [   6025]   INFO - STDERR - 	at java.desktop/java.awt.EventQueue.dispatchEvent(EventQueue.java:749)
2026-05-19 12:48:03,307 [   6025]   INFO - STDERR - 	at com.intellij.ide.IdeEventQueue.defaultDispatchEvent(IdeEventQueue.java:909)
2026-05-19 12:48:03,307 [   6025]   INFO - STDERR - 	at com.intellij.ide.IdeEventQueue._dispatchEvent(IdeEventQueue.java:756)
2026-05-19 12:48:03,308 [   6026]   INFO - STDERR - 	at com.intellij.ide.IdeEventQueue.lambda$dispatchEvent$5(IdeEventQueue.java:437)
2026-05-19 12:48:03,308 [   6026]   INFO - STDERR - 	at com.intellij.openapi.progress.impl.CoreProgressManager.computePrioritized(CoreProgressManager.java:774)
2026-05-19 12:48:03,308 [   6026]   INFO - STDERR - 	at com.intellij.ide.IdeEventQueue.lambda$dispatchEvent$6(IdeEventQueue.java:436)
2026-05-19 12:48:03,308 [   6026]   INFO - STDERR - 	at com.intellij.openapi.application.TransactionGuardImpl.performActivity(TransactionGuardImpl.java:105)
2026-05-19 12:48:03,308 [   6026]   INFO - STDERR - 	at com.intellij.ide.IdeEventQueue.performActivity(IdeEventQueue.java:615)
2026-05-19 12:48:03,308 [   6026]   INFO - STDERR - 	at com.intellij.ide.IdeEventQueue.lambda$dispatchEvent$7(IdeEventQueue.java:434)
2026-05-19 12:48:03,308 [   6026]   INFO - STDERR - 	at com.intellij.openapi.application.impl.ApplicationImpl.runIntendedWriteActionOnCurrentThread(ApplicationImpl.java:813)
2026-05-19 12:48:03,308 [   6026]   INFO - STDERR - 	at com.intellij.ide.IdeEventQueue.dispatchEvent(IdeEventQueue.java:480)
2026-05-19 12:48:03,308 [   6026]   INFO - STDERR - 	at java.desktop/java.awt.EventDispatchThread.pumpOneEventForFilters(EventDispatchThread.java:207)
2026-05-19 12:48:03,308 [   6026]   INFO - STDERR - 	at java.desktop/java.awt.EventDispatchThread.pumpEventsForFilter(EventDispatchThread.java:128)
2026-05-19 12:48:03,308 [   6026]   INFO - STDERR - 	at java.desktop/java.awt.EventDispatchThread.pumpEventsForHierarchy(EventDispatchThread.java:117)
2026-05-19 12:48:03,308 [   6026]   INFO - STDERR - 	at java.desktop/java.awt.EventDispatchThread.pumpEvents(EventDispatchThread.java:113)
2026-05-19 12:48:03,308 [   6026]   INFO - STDERR - 	at java.desktop/java.awt.EventDispatchThread.pumpEvents(EventDispatchThread.java:105)
2026-05-19 12:48:03,309 [   6027]   INFO - STDERR - 	at java.desktop/java.awt.EventDispatchThread.run(EventDispatchThread.java:92)
2026-05-19 12:48:03,311 [   6029]   INFO - STDERR - java.lang.Error: no ComponentUI class for: com.intellij.util.ui.tree.PerFileConfigurableBase$PerFileConfigurableComboBoxAction$1[,0,0,0x0,invalid,alignmentX=0.0,alignmentY=0.0,border=,flags=0,maximumSize=,minimumSize=,preferredSize=,defaultIcon=,disabledIcon=,disabledSelectedIcon=,margin=null,paintBorder=true,paintFocus=true,pressedIcon=,rolloverEnabled=false,rolloverIcon=,rolloverSelectedIcon=,selectedIcon=,text=,defaultCapable=true]
2026-05-19 12:48:03,311 [   6029]   INFO - STDERR - 	at java.desktop/javax.swing.UIDefaults.getUIError(UIDefaults.java:763)
2026-05-19 12:48:03,311 [   6029]   INFO - STDERR - 	at java.desktop/javax.swing.MultiUIDefaults.getUIError(MultiUIDefaults.java:144)
2026-05-19 12:48:03,311 [   6029]   INFO - STDERR - 	at java.desktop/javax.swing.UIDefaults.getUI(UIDefaults.java:793)
2026-05-19 12:48:03,311 [   6029]   INFO - STDERR - 	at java.desktop/javax.swing.UIManager.getUI(UIManager.java:1078)
2026-05-19 12:48:03,311 [   6029]   INFO - STDERR - 	at java.desktop/javax.swing.JButton.updateUI(JButton.java:144)
2026-05-19 12:48:03,311 [   6029]   INFO - STDERR - 	at com.intellij.openapi.actionSystem.ex.ComboBoxAction$ComboBoxButton.updateUI(ComboBoxAction.java:372)
2026-05-19 12:48:03,311 [   6029]   INFO - STDERR - 	at java.desktop/javax.swing.AbstractButton.init(AbstractButton.java:2141)
2026-05-19 12:48:03,311 [   6029]   INFO - STDERR - 	at java.desktop/javax.swing.JButton.<init>(JButton.java:134)
2026-05-19 12:48:03,312 [   6030]   INFO - STDERR - 	at java.desktop/javax.swing.JButton.<init>(JButton.java:88)
2026-05-19 12:48:03,312 [   6030]   INFO - STDERR - 	at com.intellij.openapi.actionSystem.ex.ComboBoxAction$ComboBoxButton.<init>(ComboBoxAction.java:152)
2026-05-19 12:48:03,312 [   6030]   INFO - STDERR - 	at com.intellij.util.ui.tree.PerFileConfigurableBase$PerFileConfigurableComboBoxAction$1.<init>(PerFileConfigurableBase.java:882)
2026-05-19 12:48:03,312 [   6030]   INFO - STDERR - 	at com.intellij.util.ui.tree.PerFileConfigurableBase$PerFileConfigurableComboBoxAction.createComboBoxButton(PerFileConfigurableBase.java:882)
2026-05-19 12:48:03,312 [   6030]   INFO - STDERR - 	at com.intellij.openapi.actionSystem.ex.ComboBoxAction.createCustomComponent(ComboBoxAction.java:86)
2026-05-19 12:48:03,312 [   6030]   INFO - STDERR - 	at com.intellij.util.ui.tree.PerFileConfigurableBase.createActionPanel(PerFileConfigurableBase.java:614)
2026-05-19 12:48:03,312 [   6030]   INFO - STDERR - 	at com.intellij.util.ui.tree.PerFileConfigurableBase.createActionPanel(PerFileConfigurableBase.java:606)
2026-05-19 12:48:03,312 [   6030]   INFO - STDERR - 	at com.intellij.util.ui.tree.PerFileConfigurableBase.createActionPanel(PerFileConfigurableBase.java:600)
2026-05-19 12:48:03,312 [   6030]   INFO - STDERR - 	at com.intellij.util.ui.tree.PerFileConfigurableBase.createDefaultMappingComponent(PerFileConfigurableBase.java:222)
2026-05-19 12:48:03,312 [   6030]   INFO - STDERR - 	at com.intellij.util.ui.tree.PerFileConfigurableBase.createComponent(PerFileConfigurableBase.java:181)
2026-05-19 12:48:03,312 [   6030]   INFO - STDERR - 	at com.intellij.openapi.vfs.encoding.FileEncodingConfigurable.createComponent(FileEncodingConfigurable.java:159)
2026-05-19 12:48:03,312 [   6030]   INFO - STDERR - 	at com.intellij.openapi.options.ex.ConfigurableWrapper.createComponent(ConfigurableWrapper.java:169)
2026-05-19 12:48:03,312 [   6030]   INFO - STDERR - 	at com.intellij.ide.ui.search.SearchUtil.processConfigurables(SearchUtil.java:75)
2026-05-19 12:48:03,312 [   6030]   INFO - STDERR - 	at com.intellij.ide.ui.search.TraverseUIStarter.lambda$startup$0(TraverseUIStarter.java:120)
2026-05-19 12:48:03,312 [   6030]   INFO - STDERR - 	at java.desktop/java.awt.event.InvocationEvent.dispatch(InvocationEvent.java:308)
2026-05-19 12:48:03,313 [   6031]   INFO - STDERR - 	at java.desktop/java.awt.EventQueue.dispatchEventImpl(EventQueue.java:779)
2026-05-19 12:48:03,313 [   6031]   INFO - STDERR - 	at java.desktop/java.awt.EventQueue$4.run(EventQueue.java:730)
2026-05-19 12:48:03,313 [   6031]   INFO - STDERR - 	at java.desktop/java.awt.EventQueue$4.run(EventQueue.java:724)
2026-05-19 12:48:03,313 [   6031]   INFO - STDERR - 	at java.base/java.security.AccessController.doPrivileged(AccessController.java:399)
2026-05-19 12:48:03,313 [   6031]   INFO - STDERR - 	at java.base/java.security.ProtectionDomain$JavaSecurityAccessImpl.doIntersectionPrivilege(ProtectionDomain.java:86)
2026-05-19 12:48:03,313 [   6031]   INFO - STDERR - 	at java.desktop/java.awt.EventQueue.dispatchEvent(EventQueue.java:749)
2026-05-19 12:48:03,313 [   6031]   INFO - STDERR - 	at com.intellij.ide.IdeEventQueue.defaultDispatchEvent(IdeEventQueue.java:909)
2026-05-19 12:48:03,313 [   6031]   INFO - STDERR - 	at com.intellij.ide.IdeEventQueue._dispatchEvent(IdeEventQueue.java:756)
2026-05-19 12:48:03,313 [   6031]   INFO - STDERR - 	at com.intellij.ide.IdeEventQueue.lambda$dispatchEvent$5(IdeEventQueue.java:437)
2026-05-19 12:48:03,313 [   6031]   INFO - STDERR - 	at com.intellij.openapi.progress.impl.CoreProgressManager.computePrioritized(CoreProgressManager.java:774)
2026-05-19 12:48:03,313 [   6031]   INFO - STDERR - 	at com.intellij.ide.IdeEventQueue.lambda$dispatchEvent$6(IdeEventQueue.java:436)
2026-05-19 12:48:03,313 [   6031]   INFO - STDERR - 	at com.intellij.openapi.application.TransactionGuardImpl.performActivity(TransactionGuardImpl.java:105)
2026-05-19 12:48:03,313 [   6031]   INFO - STDERR - 	at com.intellij.ide.IdeEventQueue.performActivity(IdeEventQueue.java:615)
2026-05-19 12:48:03,313 [   6031]   INFO - STDERR - 	at com.intellij.ide.IdeEventQueue.lambda$dispatchEvent$7(IdeEventQueue.java:434)
2026-05-19 12:48:03,313 [   6031]   INFO - STDERR - 	at com.intellij.openapi.application.impl.ApplicationImpl.runIntendedWriteActionOnCurrentThread(ApplicationImpl.java:813)
2026-05-19 12:48:03,314 [   6032]   INFO - STDERR - 	at com.intellij.ide.IdeEventQueue.dispatchEvent(IdeEventQueue.java:480)
2026-05-19 12:48:03,314 [   6032]   INFO - STDERR - 	at java.desktop/java.awt.EventDispatchThread.pumpOneEventForFilters(EventDispatchThread.java:207)
2026-05-19 12:48:03,314 [   6032]   INFO - STDERR - 	at java.desktop/java.awt.EventDispatchThread.pumpEventsForFilter(EventDispatchThread.java:128)
2026-05-19 12:48:03,314 [   6032]   INFO - STDERR - 	at java.desktop/java.awt.EventDispatchThread.pumpEventsForHierarchy(EventDispatchThread.java:117)
2026-05-19 12:48:03,314 [   6032]   INFO - STDERR - 	at java.desktop/java.awt.EventDispatchThread.pumpEvents(EventDispatchThread.java:113)
2026-05-19 12:48:03,314 [   6032]   INFO - STDERR - 	at java.desktop/java.awt.EventDispatchThread.pumpEvents(EventDispatchThread.java:105)
2026-05-19 12:48:03,314 [   6032]   INFO - STDERR - 	at java.desktop/java.awt.EventDispatchThread.run(EventDispatchThread.java:92)
2026-05-19 12:48:03,315 [   6033]   INFO - STDERR - java.lang.Error: no ComponentUI class for: com.intellij.util.ui.tree.PerFileConfigurableBase$PerFileConfigurableComboBoxAction$1[,0,0,0x0,invalid,alignmentX=0.0,alignmentY=0.0,border=,flags=0,maximumSize=,minimumSize=,preferredSize=,defaultIcon=,disabledIcon=,disabledSelectedIcon=,margin=null,paintBorder=true,paintFocus=true,pressedIcon=,rolloverEnabled=false,rolloverIcon=,rolloverSelectedIcon=,selectedIcon=,text=,defaultCapable=true]
2026-05-19 12:48:03,315 [   6033]   INFO - STDERR - 	at java.desktop/javax.swing.UIDefaults.getUIError(UIDefaults.java:763)
2026-05-19 12:48:03,315 [   6033]   INFO - STDERR - 	at java.desktop/javax.swing.MultiUIDefaults.getUIError(MultiUIDefaults.java:144)
2026-05-19 12:48:03,315 [   6033]   INFO - STDERR - 	at java.desktop/javax.swing.UIDefaults.getUI(UIDefaults.java:793)
2026-05-19 12:48:03,315 [   6033]   INFO - STDERR - 	at java.desktop/javax.swing.UIManager.getUI(UIManager.java:1078)
2026-05-19 12:48:03,315 [   6033]   INFO - STDERR - 	at java.desktop/javax.swing.JButton.updateUI(JButton.java:144)
2026-05-19 12:48:03,315 [   6033]   INFO - STDERR - 	at com.intellij.openapi.actionSystem.ex.ComboBoxAction$ComboBoxButton.updateUI(ComboBoxAction.java:372)
2026-05-19 12:48:03,315 [   6033]   INFO - STDERR - 	at java.desktop/javax.swing.AbstractButton.init(AbstractButton.java:2141)
2026-05-19 12:48:03,315 [   6033]   INFO - STDERR - 	at java.desktop/javax.swing.JButton.<init>(JButton.java:134)
2026-05-19 12:48:03,315 [   6033]   INFO - STDERR - 	at java.desktop/javax.swing.JButton.<init>(JButton.java:88)
2026-05-19 12:48:03,315 [   6033]   INFO - STDERR - 	at com.intellij.openapi.actionSystem.ex.ComboBoxAction$ComboBoxButton.<init>(ComboBoxAction.java:152)
2026-05-19 12:48:03,315 [   6033]   INFO - STDERR - 	at com.intellij.util.ui.tree.PerFileConfigurableBase$PerFileConfigurableComboBoxAction$1.<init>(PerFileConfigurableBase.java:882)
2026-05-19 12:48:03,315 [   6033]   INFO - STDERR - 	at com.intellij.util.ui.tree.PerFileConfigurableBase$PerFileConfigurableComboBoxAction.createComboBoxButton(PerFileConfigurableBase.java:882)
2026-05-19 12:48:03,315 [   6033]   INFO - STDERR - 	at com.intellij.openapi.actionSystem.ex.ComboBoxAction.createCustomComponent(ComboBoxAction.java:86)
2026-05-19 12:48:03,315 [   6033]   INFO - STDERR - 	at com.intellij.util.ui.tree.PerFileConfigurableBase.createActionPanel(PerFileConfigurableBase.java:614)
2026-05-19 12:48:03,315 [   6033]   INFO - STDERR - 	at com.intellij.util.ui.tree.PerFileConfigurableBase.createActionPanel(PerFileConfigurableBase.java:610)
2026-05-19 12:48:03,315 [   6033]   INFO - STDERR - 	at com.intellij.openapi.vfs.encoding.FileEncodingConfigurable.createComponent(FileEncodingConfigurable.java:163)
2026-05-19 12:48:03,316 [   6034]   INFO - STDERR - 	at com.intellij.openapi.options.ex.ConfigurableWrapper.createComponent(ConfigurableWrapper.java:169)
2026-05-19 12:48:03,316 [   6034]   INFO - STDERR - 	at com.intellij.ide.ui.search.SearchUtil.processConfigurables(SearchUtil.java:75)
2026-05-19 12:48:03,316 [   6034]   INFO - STDERR - 	at com.intellij.ide.ui.search.TraverseUIStarter.lambda$startup$0(TraverseUIStarter.java:120)
2026-05-19 12:48:03,316 [   6034]   INFO - STDERR - 	at java.desktop/java.awt.event.InvocationEvent.dispatch(InvocationEvent.java:308)
2026-05-19 12:48:03,316 [   6034]   INFO - STDERR - 	at java.desktop/java.awt.EventQueue.dispatchEventImpl(EventQueue.java:779)
2026-05-19 12:48:03,316 [   6034]   INFO - STDERR - 	at java.desktop/java.awt.EventQueue$4.run(EventQueue.java:730)
2026-05-19 12:48:03,316 [   6034]   INFO - STDERR - 	at java.desktop/java.awt.EventQueue$4.run(EventQueue.java:724)
2026-05-19 12:48:03,316 [   6034]   INFO - STDERR - 	at java.base/java.security.AccessController.doPrivileged(AccessController.java:399)
2026-05-19 12:48:03,316 [   6034]   INFO - STDERR - 	at java.base/java.security.ProtectionDomain$JavaSecurityAccessImpl.doIntersectionPrivilege(ProtectionDomain.java:86)
2026-05-19 12:48:03,316 [   6034]   INFO - STDERR - 	at java.desktop/java.awt.EventQueue.dispatchEvent(EventQueue.java:749)
2026-05-19 12:48:03,316 [   6034]   INFO - STDERR - 	at com.intellij.ide.IdeEventQueue.defaultDispatchEvent(IdeEventQueue.java:909)
2026-05-19 12:48:03,316 [   6034]   INFO - STDERR - 	at com.intellij.ide.IdeEventQueue._dispatchEvent(IdeEventQueue.java:756)
2026-05-19 12:48:03,316 [   6034]   INFO - STDERR - 	at com.intellij.ide.IdeEventQueue.lambda$dispatchEvent$5(IdeEventQueue.java:437)
2026-05-19 12:48:03,316 [   6034]   INFO - STDERR - 	at com.intellij.openapi.progress.impl.CoreProgressManager.computePrioritized(CoreProgressManager.java:774)
2026-05-19 12:48:03,316 [   6034]   INFO - STDERR - 	at com.intellij.ide.IdeEventQueue.lambda$dispatchEvent$6(IdeEventQueue.java:436)
2026-05-19 12:48:03,316 [   6034]   INFO - STDERR - 	at com.intellij.openapi.application.TransactionGuardImpl.performActivity(TransactionGuardImpl.java:105)
2026-05-19 12:48:03,317 [   6035]   INFO - STDERR - 	at com.intellij.ide.IdeEventQueue.performActivity(IdeEventQueue.java:615)
2026-05-19 12:48:03,317 [   6035]   INFO - STDERR - 	at com.intellij.ide.IdeEventQueue.lambda$dispatchEvent$7(IdeEventQueue.java:434)
2026-05-19 12:48:03,317 [   6035]   INFO - STDERR - 	at com.intellij.openapi.application.impl.ApplicationImpl.runIntendedWriteActionOnCurrentThread(ApplicationImpl.java:813)
2026-05-19 12:48:03,317 [   6035]   INFO - STDERR - 	at com.intellij.ide.IdeEventQueue.dispatchEvent(IdeEventQueue.java:480)
2026-05-19 12:48:03,317 [   6035]   INFO - STDERR - 	at java.desktop/java.awt.EventDispatchThread.pumpOneEventForFilters(EventDispatchThread.java:207)
2026-05-19 12:48:03,317 [   6035]   INFO - STDERR - 	at java.desktop/java.awt.EventDispatchThread.pumpEventsForFilter(EventDispatchThread.java:128)
2026-05-19 12:48:03,318 [   6036]   INFO - STDERR - 	at java.desktop/java.awt.EventDispatchThread.pumpEventsForHierarchy(EventDispatchThread.java:117)
2026-05-19 12:48:03,318 [   6036]   INFO - STDERR - 	at java.desktop/java.awt.EventDispatchThread.pumpEvents(EventDispatchThread.java:113)
2026-05-19 12:48:03,318 [   6036]   INFO - STDERR - 	at java.desktop/java.awt.EventDispatchThread.pumpEvents(EventDispatchThread.java:105)
2026-05-19 12:48:03,318 [   6036]   INFO - STDERR - 	at java.desktop/java.awt.EventDispatchThread.run(EventDispatchThread.java:92)
2026-05-19 12:48:03,396 [   6114]   WARN - JetBrains UI DSL - Unsupported labeled component: com.intellij.ui.components.JBList
2026-05-19 12:48:03,908 [   6626]   WARN - #c.i.u.j.JBCefApp - JCEF is manually disabled in headless env via 'ide.browser.jcef.headless.enabled=false'
2026-05-19 12:48:03,912 [   6630]   INFO - #org.intellij.plugins.markdown.settings.MarkdownSettings - Migrating Markdown settings
2026-05-19 12:48:04,973 [   7691]   INFO - STDOUT - Found 218 configurables
2026-05-19 12:48:05,742 [   8460]   INFO - STDOUT - Output written to /Users/andy/Documents/develope/plugins/flutter_hi_json/build/tmp/buildSearchableOptions/devkit.jar!/search/devkit.jar!.searchableOptions.xml
2026-05-19 12:48:05,742 [   8460]   INFO - STDOUT - Output written to /Users/andy/Documents/develope/plugins/flutter_hi_json/build/tmp/buildSearchableOptions/textmate.jar/search/textmate.jar.searchableOptions.xml
2026-05-19 12:48:05,748 [   8466]   INFO - STDOUT - Output written to /Users/andy/Documents/develope/plugins/flutter_hi_json/build/tmp/buildSearchableOptions/markdown.jar/search/markdown.jar.searchableOptions.xml
2026-05-19 12:48:05,749 [   8467]   INFO - STDOUT - Output written to /Users/andy/Documents/develope/plugins/flutter_hi_json/build/tmp/buildSearchableOptions/eclipse.jar/search/eclipse.jar.searchableOptions.xml
2026-05-19 12:48:05,750 [   8468]   INFO - STDOUT - Output written to /Users/andy/Documents/develope/plugins/flutter_hi_json/build/tmp/buildSearchableOptions/sh.jar/search/sh.jar.searchableOptions.xml
2026-05-19 12:48:05,751 [   8469]   INFO - STDOUT - Output written to /Users/andy/Documents/develope/plugins/flutter_hi_json/build/tmp/buildSearchableOptions/tasks-core.jar/search/tasks-core.jar.searchableOptions.xml
2026-05-19 12:48:05,751 [   8469]   INFO - STDOUT - Output written to /Users/andy/Documents/develope/plugins/flutter_hi_json/build/tmp/buildSearchableOptions/java-coverage.jar/search/java-coverage.jar.searchableOptions.xml
2026-05-19 12:48:05,752 [   8470]   INFO - STDOUT - Output written to /Users/andy/Documents/develope/plugins/flutter_hi_json/build/tmp/buildSearchableOptions/devkit.jar/search/devkit.jar.searchableOptions.xml
2026-05-19 12:48:05,752 [   8470]   INFO - STDOUT - Output written to /Users/andy/Documents/develope/plugins/flutter_hi_json/build/tmp/buildSearchableOptions/java-impl.jar!/search/java-impl.jar!.searchableOptions.xml
2026-05-19 12:48:05,753 [   8471]   INFO - STDOUT - Output written to /Users/andy/Documents/develope/plugins/flutter_hi_json/build/tmp/buildSearchableOptions/javaFX.jar!/search/javaFX.jar!.searchableOptions.xml
2026-05-19 12:48:05,754 [   8472]   INFO - STDOUT - Output written to /Users/andy/Documents/develope/plugins/flutter_hi_json/build/tmp/buildSearchableOptions/searchEverywhereMl.jar/search/searchEverywhereMl.jar.searchableOptions.xml
2026-05-19 12:48:05,754 [   8472]   INFO - STDOUT - Output written to /Users/andy/Documents/develope/plugins/flutter_hi_json/build/tmp/buildSearchableOptions/idea-junit.jar!/search/idea-junit.jar!.searchableOptions.xml
2026-05-19 12:48:05,755 [   8473]   INFO - STDOUT - Output written to /Users/andy/Documents/develope/plugins/flutter_hi_json/build/tmp/buildSearchableOptions/uiDesigner.jar/search/uiDesigner.jar.searchableOptions.xml
2026-05-19 12:48:05,756 [   8474]   INFO - STDOUT - Output written to /Users/andy/Documents/develope/plugins/flutter_hi_json/build/tmp/buildSearchableOptions/javaFX.jar/search/javaFX.jar.searchableOptions.xml
2026-05-19 12:48:05,757 [   8475]   INFO - STDOUT - Output written to /Users/andy/Documents/develope/plugins/flutter_hi_json/build/tmp/buildSearchableOptions/dev.jar/search/dev.jar.searchableOptions.xml
2026-05-19 12:48:05,758 [   8476]   INFO - STDOUT - Output written to /Users/andy/Documents/develope/plugins/flutter_hi_json/build/tmp/buildSearchableOptions/space.jar/search/space.jar.searchableOptions.xml
2026-05-19 12:48:05,758 [   8476]   INFO - STDOUT - Output written to /Users/andy/Documents/develope/plugins/flutter_hi_json/build/tmp/buildSearchableOptions/cwm-plugin-terminal.jar/search/cwm-plugin-terminal.jar.searchableOptions.xml
2026-05-19 12:48:05,760 [   8478]   INFO - STDOUT - Output written to /Users/andy/Documents/develope/plugins/flutter_hi_json/build/tmp/buildSearchableOptions/vcs-svn.jar/search/vcs-svn.jar.searchableOptions.xml
2026-05-19 12:48:05,760 [   8478]   INFO - STDOUT - Output written to /Users/andy/Documents/develope/plugins/flutter_hi_json/build/tmp/buildSearchableOptions/byteCodeViewer.jar/search/byteCodeViewer.jar.searchableOptions.xml
2026-05-19 12:48:05,761 [   8479]   INFO - STDOUT - Output written to /Users/andy/Documents/develope/plugins/flutter_hi_json/build/tmp/buildSearchableOptions/testng-plugin.jar!/search/testng-plugin.jar!.searchableOptions.xml
2026-05-19 12:48:05,761 [   8479]   INFO - STDOUT - Output written to /Users/andy/Documents/develope/plugins/flutter_hi_json/build/tmp/buildSearchableOptions/android.jar!/search/android.jar!.searchableOptions.xml
2026-05-19 12:48:05,762 [   8480]   INFO - STDOUT - Output written to /Users/andy/Documents/develope/plugins/flutter_hi_json/build/tmp/buildSearchableOptions/marketplace.jar/search/marketplace.jar.searchableOptions.xml
2026-05-19 12:48:05,763 [   8481]   INFO - STDOUT - Output written to /Users/andy/Documents/develope/plugins/flutter_hi_json/build/tmp/buildSearchableOptions/copyright.jar/search/copyright.jar.searchableOptions.xml
2026-05-19 12:48:05,766 [   8484]   INFO - STDOUT - Output written to /Users/andy/Documents/develope/plugins/flutter_hi_json/build/tmp/buildSearchableOptions/maven.jar/search/maven.jar.searchableOptions.xml
2026-05-19 12:48:05,767 [   8485]   INFO - STDOUT - Output written to /Users/andy/Documents/develope/plugins/flutter_hi_json/build/tmp/buildSearchableOptions/maven.jar!/search/maven.jar!.searchableOptions.xml
2026-05-19 12:48:05,769 [   8487]   INFO - STDOUT - Output written to /Users/andy/Documents/develope/plugins/flutter_hi_json/build/tmp/buildSearchableOptions/Groovy.jar/search/Groovy.jar.searchableOptions.xml
2026-05-19 12:48:05,770 [   8488]   INFO - STDOUT - Output written to /Users/andy/Documents/develope/plugins/flutter_hi_json/build/tmp/buildSearchableOptions/flutter-hi-json-plugin-1.0.0.jar/search/flutter-hi-json-plugin-1.0.0.jar.searchableOptions.xml
2026-05-19 12:48:05,771 [   8489]   INFO - STDOUT - Output written to /Users/andy/Documents/develope/plugins/flutter_hi_json/build/tmp/buildSearchableOptions/terminal.jar/search/terminal.jar.searchableOptions.xml
2026-05-19 12:48:05,771 [   8489]   INFO - STDOUT - Output written to /Users/andy/Documents/develope/plugins/flutter_hi_json/build/tmp/buildSearchableOptions/antIntegration.jar/search/antIntegration.jar.searchableOptions.xml
2026-05-19 12:48:05,772 [   8490]   INFO - STDOUT - Output written to /Users/andy/Documents/develope/plugins/flutter_hi_json/build/tmp/buildSearchableOptions/gradle-java.jar/search/gradle-java.jar.searchableOptions.xml
2026-05-19 12:48:05,772 [   8490]   INFO - STDOUT - Output written to /Users/andy/Documents/develope/plugins/flutter_hi_json/build/tmp/buildSearchableOptions/platform-structuralSearch.jar/search/platform-structuralSearch.jar.searchableOptions.xml
2026-05-19 12:48:05,773 [   8491]   INFO - STDOUT - Output written to /Users/andy/Documents/develope/plugins/flutter_hi_json/build/tmp/buildSearchableOptions/properties.jar/search/properties.jar.searchableOptions.xml
2026-05-19 12:48:05,779 [   8497]   INFO - STDOUT - Output written to /Users/andy/Documents/develope/plugins/flutter_hi_json/build/tmp/buildSearchableOptions/java-impl.jar/search/java-impl.jar.searchableOptions.xml
2026-05-19 12:48:05,779 [   8497]   INFO - STDOUT - Output written to /Users/andy/Documents/develope/plugins/flutter_hi_json/build/tmp/buildSearchableOptions/adt-ui.jar/search/adt-ui.jar.searchableOptions.xml
2026-05-19 12:48:05,780 [   8498]   INFO - STDOUT - Output written to /Users/andy/Documents/develope/plugins/flutter_hi_json/build/tmp/buildSearchableOptions/vcs-perforce.jar/search/vcs-perforce.jar.searchableOptions.xml
2026-05-19 12:48:05,781 [   8499]   INFO - STDOUT - Output written to /Users/andy/Documents/develope/plugins/flutter_hi_json/build/tmp/buildSearchableOptions/java-debugger-streams.jar/search/java-debugger-streams.jar.searchableOptions.xml
2026-05-19 12:48:05,782 [   8500]   INFO - STDOUT - Output written to /Users/andy/Documents/develope/plugins/flutter_hi_json/build/tmp/buildSearchableOptions/gradle.jar/search/gradle.jar.searchableOptions.xml
2026-05-19 12:48:05,782 [   8500]   INFO - STDOUT - Output written to /Users/andy/Documents/develope/plugins/flutter_hi_json/build/tmp/buildSearchableOptions/testng-plugin.jar/search/testng-plugin.jar.searchableOptions.xml
2026-05-19 12:48:05,783 [   8501]   INFO - STDOUT - Output written to /Users/andy/Documents/develope/plugins/flutter_hi_json/build/tmp/buildSearchableOptions/grazie.jar/search/grazie.jar.searchableOptions.xml
2026-05-19 12:48:05,783 [   8501]   INFO - STDOUT - Output written to /Users/andy/Documents/develope/plugins/flutter_hi_json/build/tmp/buildSearchableOptions/qodana.jar/search/qodana.jar.searchableOptions.xml
2026-05-19 12:48:05,803 [   8521]   INFO - STDOUT - Output written to /Users/andy/Documents/develope/plugins/flutter_hi_json/build/tmp/buildSearchableOptions/app.jar/search/app.jar.searchableOptions.xml
2026-05-19 12:48:05,805 [   8523]   INFO - STDOUT - Output written to /Users/andy/Documents/develope/plugins/flutter_hi_json/build/tmp/buildSearchableOptions/android.jar/search/android.jar.searchableOptions.xml
2026-05-19 12:48:05,806 [   8524]   INFO - STDOUT - Output written to /Users/andy/Documents/develope/plugins/flutter_hi_json/build/tmp/buildSearchableOptions/completionMlRanking.jar/search/completionMlRanking.jar.searchableOptions.xml
2026-05-19 12:48:05,806 [   8524]   INFO - STDOUT - Output written to /Users/andy/Documents/develope/plugins/flutter_hi_json/build/tmp/buildSearchableOptions/java-decompiler.jar/search/java-decompiler.jar.searchableOptions.xml
2026-05-19 12:48:05,807 [   8525]   INFO - STDOUT - Output written to /Users/andy/Documents/develope/plugins/flutter_hi_json/build/tmp/buildSearchableOptions/vcs-hg.jar/search/vcs-hg.jar.searchableOptions.xml
2026-05-19 12:48:05,809 [   8527]   INFO - STDOUT - Output written to /Users/andy/Documents/develope/plugins/flutter_hi_json/build/tmp/buildSearchableOptions/xpath.jar/search/xpath.jar.searchableOptions.xml
2026-05-19 12:48:05,809 [   8527]   INFO - STDOUT - Output written to /Users/andy/Documents/develope/plugins/flutter_hi_json/build/tmp/buildSearchableOptions/packageSearch.jar/search/packageSearch.jar.searchableOptions.xml
2026-05-19 12:48:05,810 [   8528]   INFO - STDOUT - Output written to /Users/andy/Documents/develope/plugins/flutter_hi_json/build/tmp/buildSearchableOptions/cwm-common.jar/search/cwm-common.jar.searchableOptions.xml
2026-05-19 12:48:05,810 [   8528]   INFO - STDOUT - Output written to /Users/andy/Documents/develope/plugins/flutter_hi_json/build/tmp/buildSearchableOptions/java-i18n.jar/search/java-i18n.jar.searchableOptions.xml
2026-05-19 12:48:05,811 [   8529]   INFO - STDOUT - Output written to /Users/andy/Documents/develope/plugins/flutter_hi_json/build/tmp/buildSearchableOptions/Groovy.jar!/search/Groovy.jar!.searchableOptions.xml
2026-05-19 12:48:05,811 [   8529]   INFO - STDOUT - Output written to /Users/andy/Documents/develope/plugins/flutter_hi_json/build/tmp/buildSearchableOptions/toml.jar/search/toml.jar.searchableOptions.xml
2026-05-19 12:48:05,812 [   8530]   INFO - STDOUT - Output written to /Users/andy/Documents/develope/plugins/flutter_hi_json/build/tmp/buildSearchableOptions/xml-dom.jar/search/xml-dom.jar.searchableOptions.xml
2026-05-19 12:48:05,813 [   8531]   INFO - STDOUT - Output written to /Users/andy/Documents/develope/plugins/flutter_hi_json/build/tmp/buildSearchableOptions/idea-junit.jar/search/idea-junit.jar.searchableOptions.xml
2026-05-19 12:48:05,813 [   8531]   INFO - STDOUT - Output written to /Users/andy/Documents/develope/plugins/flutter_hi_json/build/tmp/buildSearchableOptions/yaml.jar/search/yaml.jar.searchableOptions.xml
2026-05-19 12:48:05,814 [   8532]   INFO - STDOUT - Output written to /Users/andy/Documents/develope/plugins/flutter_hi_json/build/tmp/buildSearchableOptions/editorconfig.jar/search/editorconfig.jar.searchableOptions.xml
2026-05-19 12:48:05,815 [   8533]   INFO - STDOUT - Output written to /Users/andy/Documents/develope/plugins/flutter_hi_json/build/tmp/buildSearchableOptions/vcs-github.jar/search/vcs-github.jar.searchableOptions.xml
2026-05-19 12:48:05,816 [   8534]   INFO - STDOUT - Output written to /Users/andy/Documents/develope/plugins/flutter_hi_json/build/tmp/buildSearchableOptions/lombok.jar/search/lombok.jar.searchableOptions.xml
2026-05-19 12:48:05,817 [   8535]   INFO - STDOUT - Output written to /Users/andy/Documents/develope/plugins/flutter_hi_json/build/tmp/buildSearchableOptions/platform-images.jar/search/platform-images.jar.searchableOptions.xml
2026-05-19 12:48:05,818 [   8536]   INFO - STDOUT - Output written to /Users/andy/Documents/develope/plugins/flutter_hi_json/build/tmp/buildSearchableOptions/kotlin-plugin.jar/search/kotlin-plugin.jar.searchableOptions.xml
2026-05-19 12:48:05,819 [   8537]   INFO - STDOUT - Output written to /Users/andy/Documents/develope/plugins/flutter_hi_json/build/tmp/buildSearchableOptions/vcs-git.jar/search/vcs-git.jar.searchableOptions.xml
2026-05-19 12:48:05,820 [   8538]   INFO - STDOUT - Output written to /Users/andy/Documents/develope/plugins/flutter_hi_json/build/tmp/buildSearchableOptions/indexing-shared.jar/search/indexing-shared.jar.searchableOptions.xml
2026-05-19 12:48:05,820 [   8538]   INFO - STDOUT - Output written to /Users/andy/Documents/develope/plugins/flutter_hi_json/build/tmp/buildSearchableOptions/featuresTrainer.jar/search/featuresTrainer.jar.searchableOptions.xml
2026-05-19 12:48:05,821 [   8539]   INFO - STDOUT - Output written to /Users/andy/Documents/develope/plugins/flutter_hi_json/build/tmp/buildSearchableOptions/design-tools.jar/search/design-tools.jar.searchableOptions.xml
2026-05-19 12:48:05,822 [   8540]   INFO - STDOUT - Output written to /Users/andy/Documents/develope/plugins/flutter_hi_json/build/tmp/buildSearchableOptions/kotlin-plugin.jar!/search/kotlin-plugin.jar!.searchableOptions.xml
2026-05-19 12:48:05,822 [   8540]   INFO - STDOUT - Output written to /Users/andy/Documents/develope/plugins/flutter_hi_json/build/tmp/buildSearchableOptions/cwm-host.jar/search/cwm-host.jar.searchableOptions.xml
2026-05-19 12:48:05,823 [   8541]   INFO - STDOUT - Output written to /Users/andy/Documents/develope/plugins/flutter_hi_json/build/tmp/buildSearchableOptions/gradle-java-maven.jar/search/gradle-java-maven.jar.searchableOptions.xml
2026-05-19 12:48:05,824 [   8542]   INFO - STDOUT - Output written to /Users/andy/Documents/develope/plugins/flutter_hi_json/build/tmp/buildSearchableOptions/settingsSync.jar/search/settingsSync.jar.searchableOptions.xml
2026-05-19 12:48:05,824 [   8542]   INFO - STDOUT - Searchable options index builder completed
2026-05-19 12:48:05,837 [   8555]   INFO - #o.j.i.BuiltInServer - web server stopped
2026-05-19 12:48:05,846 [   8564]   INFO - #c.i.u.i.FileBasedIndexImpl - START INDEX SHUTDOWN
2026-05-19 12:48:06,045 [   8763]   INFO - #c.i.p.s.StubIndexImpl - StubIndexExtension-s were unloaded
2026-05-19 12:48:06,046 [   8764]   INFO - #c.i.p.s.SerializationManagerImpl - Start shutting down /Users/andy/Documents/develope/plugins/flutter_hi_json/build/idea-sandbox/IC-2022.3/system/index/rep.names
2026-05-19 12:48:06,047 [   8765]   INFO - #c.i.p.s.SerializationManagerImpl - Finished shutting down /Users/andy/Documents/develope/plugins/flutter_hi_json/build/idea-sandbox/IC-2022.3/system/index/rep.names
2026-05-19 12:48:06,085 [   8803]   INFO - #c.i.u.i.FileBasedIndexImpl - END INDEX SHUTDOWN
2026-05-19 12:48:06,148 [   8866]   INFO - #c.i.o.v.n.p.PersistentFSImpl - VFS dispose started
2026-05-19 12:48:06,154 [   8872]   INFO - #c.i.o.v.n.p.PersistentFSImpl - VFS dispose completed
2026-05-19 12:48:06,154 [   8872]   INFO - #c.i.o.f.i.FileTypeDetectionService - 0 auto-detected files. Detection took 0 ms
2026-05-19 12:48:06,156 [   8874]   INFO - #c.i.i.AppStarter - ------------------------------------------------------ IDE SHUTDOWN ------------------------------------------------------
